clients/android/app/build/intermediates/manifest_merge_blame_file/release/manifest-merger-blame-release-report.txt
1<?xml version="1.0" encoding="utf-8"?>
2<manifest xmlns:android="http://schemas.android.com/apk/res/android"
3    package="com.lvjiaoxi.office"
4    android:versionCode="1"
5    android:versionName="1.0.0" >
6
7    <uses-sdk
8        android:minSdkVersion="24"
9        android:targetSdkVersion="34" />
10
11    <application
11-->src\main\AndroidManifest.xml:4:5-20:19
12        android:allowBackup="true"
12-->src\main\AndroidManifest.xml:5:9-35
13        android:appComponentFactory="androidx.core.app.CoreComponentFactory"
13-->[androidx.core:core:1.1.0] AndroidManifest.xml:24:18-86
14        android:extractNativeLibs="false"
15        android:label="@string/app_name"
15-->src\main\AndroidManifest.xml:6:9-41
16        android:networkSecurityConfig="@xml/network_security_config"
16-->src\main\AndroidManifest.xml:7:9-69
17        android:theme="@android:style/Theme.NoTitleBar.Fullscreen"
17-->src\main\AndroidManifest.xml:9:9-67
18        android:usesCleartextTraffic="true" >
18-->src\main\AndroidManifest.xml:8:9-44
19        <activity
19-->src\main\AndroidManifest.xml:10:9-19:20
20            android:name="com.lvjiaoxi.office.MainActivity"
20-->src\main\AndroidManifest.xml:11:13-41
21            android:configChanges="orientation|screenSize|keyboardHidden"
21-->src\main\AndroidManifest.xml:14:13-74
22            android:exported="true"
22-->src\main\AndroidManifest.xml:12:13-36
23            android:screenOrientation="fullSensor" >
23-->src\main\AndroidManifest.xml:13:13-51
24            <intent-filter>
24-->src\main\AndroidManifest.xml:15:13-18:29
25                <action android:name="android.intent.action.MAIN" />
25-->src\main\AndroidManifest.xml:16:17-69
25-->src\main\AndroidManifest.xml:16:25-66
26
27                <category android:name="android.intent.category.LAUNCHER" />
27-->src\main\AndroidManifest.xml:17:17-77
27-->src\main\AndroidManifest.xml:17:27-74
28            </intent-filter>
29        </activity>
30    </application>
31
32</manifest>